TN:
SF:src/modules/75-cd/components/PipelineStudio/DeployStageSetupShell/DeployStageSetupShell.tsx
FN:31,(anonymous_1)
FN:47,DeployStageSetupShell
FN:74,(anonymous_3)
FN:80,(anonymous_4)
FN:85,(anonymous_5)
FN:89,(anonymous_6)
FN:112,(anonymous_7)
FN:119,(anonymous_8)
FN:164,(anonymous_9)
FN:173,(anonymous_10)
FN:182,(anonymous_11)
FN:279,(anonymous_12)
FN:282,(anonymous_13)
FN:302,(anonymous_14)
FN:322,(anonymous_15)
FNF:15
FNH:7
FNDA:1,(anonymous_1)
FNDA:6,DeployStageSetupShell
FNDA:3,(anonymous_3)
FNDA:6,(anonymous_4)
FNDA:0,(anonymous_5)
FNDA:6,(anonymous_6)
FNDA:3,(anonymous_7)
FNDA:4,(anonymous_8)
FNDA:0,(anonymous_9)
FNDA:0,(anonymous_10)
FNDA:0,(anonymous_11)
FNDA:0,(anonymous_12)
FNDA:0,(anonymous_13)
FNDA:0,(anonymous_14)
FNDA:0,(anonymous_15)
DA:1,1
DA:2,1
DA:3,1
DA:4,1
DA:6,1
DA:11,1
DA:12,1
DA:14,1
DA:15,1
DA:17,1
DA:18,1
DA:19,1
DA:20,1
DA:21,1
DA:23,1
DA:31,1
DA:32,1
DA:33,1
DA:34,1
DA:35,1
DA:36,1
DA:39,1
DA:47,1
DA:48,6
DA:49,6
DA:50,6
DA:51,6
DA:67,6
DA:68,6
DA:72,6
DA:74,6
DA:75,3
DA:76,1
DA:80,6
DA:81,6
DA:82,6
DA:85,6
DA:86,0
DA:89,6
DA:90,6
DA:91,5
DA:92,5
DA:93,5
DA:94,5
DA:95,0
DA:97,5
DA:101,6
DA:102,0
DA:103,0
DA:104,0
DA:105,0
DA:106,0
DA:108,0
DA:112,6
DA:114,3
DA:115,3
DA:119,6
DA:120,4
DA:121,1
DA:122,1
DA:123,0
DA:124,0
DA:125,0
DA:127,0
DA:128,0
DA:140,0
DA:141,0
DA:142,0
DA:144,0
DA:145,0
DA:154,6
DA:155,6
DA:157,6
DA:159,6
DA:165,0
DA:166,0
DA:174,0
DA:183,0
DA:184,0
DA:185,0
DA:187,0
DA:195,6
DA:280,0
DA:283,0
DA:303,0
DA:323,0
LF:86
LH:57
BRDA:31,0,0,1
BRDA:31,0,1,1
BRDA:69,1,0,2
BRDA:69,1,1,4
BRDA:75,2,0,1
BRDA:75,2,1,2
BRDA:81,3,0,6
BRDA:81,3,1,4
BRDA:90,4,0,5
BRDA:90,4,1,1
BRDA:94,5,0,0
BRDA:94,5,1,5
BRDA:94,6,0,5
BRDA:94,6,1,5
BRDA:94,6,2,5
BRDA:97,7,0,5
BRDA:97,7,1,0
BRDA:101,8,0,0
BRDA:101,8,1,6
BRDA:104,9,0,0
BRDA:104,9,1,0
BRDA:104,10,0,0
BRDA:104,10,1,0
BRDA:104,11,0,0
BRDA:104,11,1,0
BRDA:104,12,0,0
BRDA:104,12,1,0
BRDA:104,13,0,0
BRDA:104,13,1,0
BRDA:105,14,0,0
BRDA:105,14,1,0
BRDA:105,15,0,0
BRDA:105,15,1,0
BRDA:106,16,0,0
BRDA:106,16,1,0
BRDA:108,17,0,0
BRDA:108,17,1,0
BRDA:114,18,0,3
BRDA:120,19,0,1
BRDA:120,19,1,3
BRDA:121,20,0,1
BRDA:121,20,1,0
BRDA:122,21,0,0
BRDA:122,21,1,1
BRDA:122,22,0,1
BRDA:122,22,1,0
BRDA:122,23,0,1
BRDA:122,23,1,1
BRDA:123,24,0,0
BRDA:123,24,1,0
BRDA:123,25,0,0
BRDA:123,25,1,0
BRDA:123,26,0,0
BRDA:123,26,1,0
BRDA:123,27,0,0
BRDA:123,27,1,0
BRDA:123,28,0,0
BRDA:123,28,1,0
BRDA:123,29,0,0
BRDA:123,29,1,0
BRDA:123,30,0,0
BRDA:123,30,1,0
BRDA:124,31,0,0
BRDA:124,31,1,0
BRDA:124,32,0,0
BRDA:124,32,1,0
BRDA:124,33,0,0
BRDA:124,33,1,0
BRDA:124,34,0,0
BRDA:124,34,1,0
BRDA:125,35,0,0
BRDA:125,35,1,0
BRDA:127,36,0,0
BRDA:127,36,1,0
BRDA:140,37,0,0
BRDA:140,37,1,0
BRDA:140,38,0,0
BRDA:140,38,1,0
BRDA:140,39,0,0
BRDA:140,39,1,0
BRDA:140,40,0,0
BRDA:140,40,1,0
BRDA:140,41,0,0
BRDA:140,41,1,0
BRDA:140,42,0,0
BRDA:140,42,1,0
BRDA:140,43,0,0
BRDA:140,43,1,0
BRDA:141,44,0,0
BRDA:141,44,1,0
BRDA:144,45,0,0
BRDA:144,45,1,0
BRDA:154,46,0,2
BRDA:154,46,1,4
BRDA:155,47,0,2
BRDA:155,47,1,4
BRDA:170,48,0,0
BRDA:170,48,1,6
BRDA:179,49,0,1
BRDA:179,49,1,5
BRDA:184,50,0,0
BRDA:184,50,1,0
BRDA:292,51,0,0
BRDA:292,51,1,0
BRDA:292,52,0,0
BRDA:292,52,1,0
BRDA:312,53,0,0
BRDA:312,53,1,0
BRDA:312,54,0,0
BRDA:312,54,1,0
BRF:110
BRH:31
end_of_record
